  [1m[35m (0.1ms)[0m  [1m[34mSELECT sqlite_version(*)[0m
  ↳ bin/rails:4
  [1m[35m (212.7ms)[0m  [1m[35mCREATE TABLE "schema_migrations" ("version" varchar NOT NULL PRIMARY KEY)[0m
  ↳ bin/rails:4
  [1m[35m (94.3ms)[0m  [1m[35mCREATE TABLE "ar_internal_metadata" ("key" varchar NOT NULL PRIMARY KEY, "value" varchar, "created_at" datetime NOT NULL, "updated_at" datetime NOT NULL)[0m
  ↳ bin/rails:4
  [1m[35m (0.2ms)[0m  [1m[34mSELECT "schema_migrations"."version" FROM "schema_migrations" ORDER BY "schema_migrations"."version" ASC[0m
  ↳ bin/rails:4
Migrating to CreateDepartments (20191101015753)
  [1m[35m (0.1ms)[0m  [1m[36mbegin transaction[0m
  ↳ bin/rails:4
  [1m[35m (1.5ms)[0m  [1m[35mCREATE TABLE "departments" ("id" integer PRIMARY KEY AUTOINCREMENT NOT NULL, "name" varchar, "created_at" datetime NOT NULL, "updated_at" datetime NOT NULL)[0m
  ↳ db/migrate/20191101015753_create_departments.rb:3
  [1m[36mActiveRecord::SchemaMigration Create (0.2ms)[0m  [1m[32mINSERT INTO "schema_migrations" ("version") VALUES (?)[0m  [["version", "20191101015753"]]
  ↳ bin/rails:4
  [1m[35m (102.1ms)[0m  [1m[36mcommit transaction[0m
  ↳ bin/rails:4
  [1m[36mActiveRecord::InternalMetadata Load (0.2ms)[0m  [1m[34mSELECT  "ar_internal_metadata".* FROM "ar_internal_metadata" WHERE "ar_internal_metadata"."key" = ? LIMIT ?[0m  [["key", "environment"], ["LIMIT", 1]]
  ↳ bin/rails:4
  [1m[35m (0.1ms)[0m  [1m[36mbegin transaction[0m
  ↳ bin/rails:4
  [1m[36mActiveRecord::InternalMetadata Create (1.3ms)[0m  [1m[32mINSERT INTO "ar_internal_metadata" ("key", "value", "created_at", "updated_at") VALUES (?, ?, ?, ?)[0m  [["key", "environment"], ["value", "development"], ["created_at", "2019-11-01 01:58:09.832244"], ["updated_at", "2019-11-01 01:58:09.832244"]]
  ↳ bin/rails:4
  [1m[35m (94.6ms)[0m  [1m[36mcommit transaction[0m
  ↳ bin/rails:4
  [1m[35m (0.2ms)[0m  [1m[34mSELECT "schema_migrations"."version" FROM "schema_migrations" ORDER BY "schema_migrations"."version" ASC[0m
  ↳ bin/rails:4
  [1m[35m (0.1ms)[0m  [1m[36mbegin transaction[0m
  [1m[36mDepartment Create (1.7ms)[0m  [1m[32mINSERT INTO "departments" ("name", "created_at", "updated_at") VALUES (?, ?, ?)[0m  [["name", "CSE"], ["created_at", "2019-11-01 01:58:57.561224"], ["updated_at", "2019-11-01 01:58:57.561224"]]
  [1m[35m (191.0ms)[0m  [1m[36mcommit transaction[0m
  [1m[35m (0.1ms)[0m  [1m[36mbegin transaction[0m
  [1m[36mDepartment Create (1.8ms)[0m  [1m[32mINSERT INTO "departments" ("name", "created_at", "updated_at") VALUES (?, ?, ?)[0m  [["name", "MECH"], ["created_at", "2019-11-01 01:59:19.056438"], ["updated_at", "2019-11-01 01:59:19.056438"]]
  [1m[35m (186.7ms)[0m  [1m[36mcommit transaction[0m
  [1m[36mDepartment Load (0.4ms)[0m  [1m[34mSELECT  "departments".* FROM "departments" LIMIT ?[0m  [["LIMIT", 11]]
  [1m[35m (0.2ms)[0m  [1m[34mSELECT "schema_migrations"."version" FROM "schema_migrations" ORDER BY "schema_migrations"."version" ASC[0m
  ↳ bin/rails:4
Migrating to CreateSections (20191101020025)
  [1m[35m (0.1ms)[0m  [1m[36mbegin transaction[0m
  ↳ bin/rails:4
  [1m[35m (0.2ms)[0m  [1m[34mSELECT sqlite_version(*)[0m
  ↳ db/migrate/20191101020025_create_sections.rb:3
  [1m[35m (1.5ms)[0m  [1m[35mCREATE TABLE "sections" ("id" integer PRIMARY KEY AUTOINCREMENT NOT NULL, "name" varchar, "created_at" datetime NOT NULL, "updated_at" datetime NOT NULL)[0m
  ↳ db/migrate/20191101020025_create_sections.rb:3
  [1m[36mActiveRecord::SchemaMigration Create (0.2ms)[0m  [1m[32mINSERT INTO "schema_migrations" ("version") VALUES (?)[0m  [["version", "20191101020025"]]
  ↳ bin/rails:4
  [1m[35m (198.7ms)[0m  [1m[36mcommit transaction[0m
  ↳ bin/rails:4
  [1m[36mActiveRecord::InternalMetadata Load (0.2ms)[0m  [1m[34mSELECT  "ar_internal_metadata".* FROM "ar_internal_metadata" WHERE "ar_internal_metadata"."key" = ? LIMIT ?[0m  [["key", "environment"], ["LIMIT", 1]]
  ↳ bin/rails:4
  [1m[35m (0.1ms)[0m  [1m[36mbegin transaction[0m
  ↳ bin/rails:4
  [1m[35m (0.0ms)[0m  [1m[36mcommit transaction[0m
  ↳ bin/rails:4
  [1m[35m (0.2ms)[0m  [1m[34mSELECT "schema_migrations"."version" FROM "schema_migrations" ORDER BY "schema_migrations"."version" ASC[0m
  ↳ bin/rails:4
  [1m[35m (0.3ms)[0m  [1m[34mSELECT "schema_migrations"."version" FROM "schema_migrations" ORDER BY "schema_migrations"."version" ASC[0m
  ↳ bin/rails:4
Migrating to AddDepartmentToSection (20191101020811)
  [1m[35m (0.1ms)[0m  [1m[36mbegin transaction[0m
  ↳ bin/rails:4
  [1m[35m (2.0ms)[0m  [1m[35mALTER TABLE "sections" ADD "department_id" integer[0m
  ↳ db/migrate/20191101020811_add_department_to_section.rb:3
  [1m[36mActiveRecord::SchemaMigration Create (0.4ms)[0m  [1m[32mINSERT INTO "schema_migrations" ("version") VALUES (?)[0m  [["version", "20191101020811"]]
  ↳ bin/rails:4
  [1m[35m (229.2ms)[0m  [1m[36mcommit transaction[0m
  ↳ bin/rails:4
  [1m[36mActiveRecord::InternalMetadata Load (0.6ms)[0m  [1m[34mSELECT  "ar_internal_metadata".* FROM "ar_internal_metadata" WHERE "ar_internal_metadata"."key" = ? LIMIT ?[0m  [["key", "environment"], ["LIMIT", 1]]
  ↳ bin/rails:4
  [1m[35m (0.1ms)[0m  [1m[36mbegin transaction[0m
  ↳ bin/rails:4
  [1m[35m (0.1ms)[0m  [1m[36mcommit transaction[0m
  ↳ bin/rails:4
  [1m[35m (0.3ms)[0m  [1m[34mSELECT "schema_migrations"."version" FROM "schema_migrations" ORDER BY "schema_migrations"."version" ASC[0m
  ↳ bin/rails:4
  [1m[35m (0.1ms)[0m  [1m[36mbegin transaction[0m
  [1m[36mDepartment Load (0.2ms)[0m  [1m[34mSELECT  "departments".* FROM "departments" WHERE "departments"."id" = ? LIMIT ?[0m  [["id", 1], ["LIMIT", 1]]
  [1m[36mSection Create (71.8ms)[0m  [1m[32mINSERT INTO "sections" ("name", "created_at", "updated_at", "department_id") VALUES (?, ?, ?, ?)[0m  [["name", "A01"], ["created_at", "2019-11-01 02:13:00.047218"], ["updated_at", "2019-11-01 02:13:00.047218"], ["department_id", 1]]
  [1m[35m (80.2ms)[0m  [1m[36mcommit transaction[0m
  [1m[35m (0.1ms)[0m  [1m[36mbegin transaction[0m
  [1m[36mDepartment Load (0.2ms)[0m  [1m[34mSELECT  "departments".* FROM "departments" WHERE "departments"."id" = ? LIMIT ?[0m  [["id", 1], ["LIMIT", 1]]
  [1m[36mSection Create (1.3ms)[0m  [1m[32mINSERT INTO "sections" ("name", "created_at", "updated_at", "department_id") VALUES (?, ?, ?, ?)[0m  [["name", "A02"], ["created_at", "2019-11-01 02:13:28.058157"], ["updated_at", "2019-11-01 02:13:28.058157"], ["department_id", 1]]
  [1m[35m (166.4ms)[0m  [1m[36mcommit transaction[0m
  [1m[36mDepartment Load (0.4ms)[0m  [1m[34mSELECT  "departments".* FROM "departments" ORDER BY "departments"."id" ASC LIMIT ?[0m  [["LIMIT", 1]]
  [1m[36mSection Load (0.3ms)[0m  [1m[34mSELECT  "sections".* FROM "sections" WHERE "sections"."department_id" = ? LIMIT ?[0m  [["department_id", 1], ["LIMIT", 11]]
  [1m[36mSection Load (0.3ms)[0m  [1m[34mSELECT  "sections".* FROM "sections" ORDER BY "sections"."id" ASC LIMIT ?[0m  [["LIMIT", 1]]
  [1m[36mDepartment Load (0.3ms)[0m  [1m[34mSELECT  "departments".* FROM "departments" WHERE "departments"."id" = ? LIMIT ?[0m  [["id", 1], ["LIMIT", 1]]
  [1m[35m (0.2ms)[0m  [1m[34mSELECT "schema_migrations"."version" FROM "schema_migrations" ORDER BY "schema_migrations"."version" ASC[0m
  ↳ bin/rails:4
Migrating to CreateStudents (20191101021504)
  [1m[35m (0.1ms)[0m  [1m[36mbegin transaction[0m
  ↳ bin/rails:4
  [1m[35m (0.2ms)[0m  [1m[34mSELECT sqlite_version(*)[0m
  ↳ db/migrate/20191101021504_create_students.rb:3
  [1m[35m (1.8ms)[0m  [1m[35mCREATE TABLE "students" ("id" integer PRIMARY KEY AUTOINCREMENT NOT NULL, "name" varchar, "email" varchar, "roll_no" integer, "created_at" datetime NOT NULL, "updated_at" datetime NOT NULL)[0m
  ↳ db/migrate/20191101021504_create_students.rb:3
  [1m[36mActiveRecord::SchemaMigration Create (0.3ms)[0m  [1m[32mINSERT INTO "schema_migrations" ("version") VALUES (?)[0m  [["version", "20191101021504"]]
  ↳ bin/rails:4
  [1m[35m (190.4ms)[0m  [1m[36mcommit transaction[0m
  ↳ bin/rails:4
  [1m[36mActiveRecord::InternalMetadata Load (0.4ms)[0m  [1m[34mSELECT  "ar_internal_metadata".* FROM "ar_internal_metadata" WHERE "ar_internal_metadata"."key" = ? LIMIT ?[0m  [["key", "environment"], ["LIMIT", 1]]
  ↳ bin/rails:4
  [1m[35m (0.1ms)[0m  [1m[36mbegin transaction[0m
  ↳ bin/rails:4
  [1m[35m (0.0ms)[0m  [1m[36mcommit transaction[0m
  ↳ bin/rails:4
  [1m[35m (0.2ms)[0m  [1m[34mSELECT "schema_migrations"."version" FROM "schema_migrations" ORDER BY "schema_migrations"."version" ASC[0m
  ↳ bin/rails:4
  [1m[35m (0.2ms)[0m  [1m[34mSELECT "schema_migrations"."version" FROM "schema_migrations" ORDER BY "schema_migrations"."version" ASC[0m
  ↳ bin/rails:4
Migrating to AddDepartmentAndSectionToStudent (20191101021808)
  [1m[35m (0.1ms)[0m  [1m[36mbegin transaction[0m
  ↳ bin/rails:4
  [1m[35m (1.6ms)[0m  [1m[35mALTER TABLE "students" ADD "department_id" integer[0m
  ↳ db/migrate/20191101021808_add_department_and_section_to_student.rb:3
  [1m[35m (0.5ms)[0m  [1m[35mALTER TABLE "students" ADD "section_id" integer[0m
  ↳ db/migrate/20191101021808_add_department_and_section_to_student.rb:4
  [1m[36mActiveRecord::SchemaMigration Create (0.2ms)[0m  [1m[32mINSERT INTO "schema_migrations" ("version") VALUES (?)[0m  [["version", "20191101021808"]]
  ↳ bin/rails:4
  [1m[35m (168.5ms)[0m  [1m[36mcommit transaction[0m
  ↳ bin/rails:4
  [1m[36mActiveRecord::InternalMetadata Load (0.4ms)[0m  [1m[34mSELECT  "ar_internal_metadata".* FROM "ar_internal_metadata" WHERE "ar_internal_metadata"."key" = ? LIMIT ?[0m  [["key", "environment"], ["LIMIT", 1]]
  ↳ bin/rails:4
  [1m[35m (0.1ms)[0m  [1m[36mbegin transaction[0m
  ↳ bin/rails:4
  [1m[35m (0.0ms)[0m  [1m[36mcommit transaction[0m
  ↳ bin/rails:4
  [1m[35m (0.2ms)[0m  [1m[34mSELECT "schema_migrations"."version" FROM "schema_migrations" ORDER BY "schema_migrations"."version" ASC[0m
  ↳ bin/rails:4
  [1m[35m (0.1ms)[0m  [1m[36mbegin transaction[0m
  [1m[36mStudent Create (1.5ms)[0m  [1m[32mINSERT INTO "students" ("name", "created_at", "updated_at", "department_id", "section_id") VALUES (?, ?, ?, ?, ?)[0m  [["name", "Hamish"], ["created_at", "2019-11-01 02:20:40.256881"], ["updated_at", "2019-11-01 02:20:40.256881"], ["department_id", 1], ["section_id", 1]]
  [1m[35m (138.8ms)[0m  [1m[36mcommit transaction[0m
  [1m[36mStudent Load (3.4ms)[0m  [1m[34mSELECT  "students".* FROM "students" LIMIT ?[0m  [["LIMIT", 11]]
  [1m[36mDepartment Load (0.2ms)[0m  [1m[34mSELECT  "departments".* FROM "departments" WHERE "departments"."id" = ? LIMIT ?[0m  [["id", 1], ["LIMIT", 1]]
  [1m[36mStudent Load (0.3ms)[0m  [1m[34mSELECT  "students".* FROM "students" WHERE "students"."department_id" = ? LIMIT ?[0m  [["department_id", 1], ["LIMIT", 11]]
Started GET "/" for ::1 at 2019-11-01 08:09:27 +0530
  [1m[35m (0.2ms)[0m  [1m[34mSELECT "schema_migrations"."version" FROM "schema_migrations" ORDER BY "schema_migrations"."version" ASC[0m
  ↳ C:/Ruby26-x64/lib/ruby/gems/2.6.0/gems/activerecord-5.2.3/lib/active_record/log_subscriber.rb:98
Processing by StaticPagesController#index as HTML
  Rendering static_pages/index.html.erb within layouts/application
  Rendered static_pages/index.html.erb within layouts/application (2.8ms)
Completed 500 Internal Server Error in 1158ms (ActiveRecord: 0.0ms)


  
ActionView::Template::Error (identifier '(function(opts, pluginOpts) {return eval(process' undefined):
     5:     <%= csrf_meta_tags %>
     6:     <%= csp_meta_tag %>
     7: 
     8:     <%= stylesheet_link_tag    'application', media: 'all', 'data-turbolinks-track': 'reload' %>
     9:     <%= javascript_include_tag 'application', 'data-turbolinks-track': 'reload' %>
    10:   </head>
    11: 
  
(execjs):1
app/views/layouts/application.html.erb:8:in `_app_views_layouts_application_html_erb__419129233_71207540'
Started GET "/" for ::1 at 2019-11-01 08:11:24 +0530
  [1m[35m (0.2ms)[0m  [1m[34mSELECT "schema_migrations"."version" FROM "schema_migrations" ORDER BY "schema_migrations"."version" ASC[0m
  ↳ C:/Ruby26-x64/lib/ruby/gems/2.6.0/gems/activerecord-5.2.3/lib/active_record/log_subscriber.rb:98
Processing by StaticPagesController#index as HTML
  Rendering static_pages/index.html.erb within layouts/application
  Rendered static_pages/index.html.erb within layouts/application (2.3ms)
Completed 200 OK in 38019ms (Views: 38012.1ms | ActiveRecord: 0.0ms)


Started GET "/" for ::1 at 2019-11-01 08:19:02 +0530
  [1m[35m (0.4ms)[0m  [1m[34mSELECT "schema_migrations"."version" FROM "schema_migrations" ORDER BY "schema_migrations"."version" ASC[0m
  ↳ C:/Ruby26-x64/lib/ruby/gems/2.6.0/gems/activerecord-5.2.3/lib/active_record/log_subscriber.rb:98
Processing by StaticPagesController#index as HTML
  Rendering static_pages/index.html.erb within layouts/application
  Rendered static_pages/index.html.erb within layouts/application (13.0ms)
Started GET "/" for ::1 at 2019-11-01 08:19:03 +0530
Processing by StaticPagesController#index as HTML
  Rendering static_pages/index.html.erb within layouts/application
  Rendered static_pages/index.html.erb within layouts/application (0.6ms)
Completed 200 OK in 31416ms (Views: 31407.0ms | ActiveRecord: 0.0ms)


Completed 200 OK in 33306ms (Views: 33283.1ms | ActiveRecord: 0.0ms)


Started GET "/departments" for ::1 at 2019-11-01 08:19:43 +0530
Processing by DepartmentsController#index as HTML
  Rendering departments/index.html.erb within layouts/application
  [1m[36mDepartment Load (0.5ms)[0m  [1m[34mSELECT "departments".* FROM "departments"[0m
  ↳ app/views/departments/index.html.erb:13
  Rendered departments/index.html.erb within layouts/application (249.1ms)
Completed 500 Internal Server Error in 305ms (ActiveRecord: 1.7ms)


  
ActionView::Template::Error (undefined method `sections_path' for #<#<Class:0x00000000106e4960>:0x0000000007780da0>):
    11: 
    12: <ul class="list-group">
    13:   <% @departments.each do |department| %>
    14:   <li class="list-group-item"><a href="<%=sections_path(department_id: department.id)%>"><%= department.name %></a></li>
    15:   <% end %>
    16: </ul>
  
app/views/departments/index.html.erb:14:in `block in _app_views_departments_index_html_erb__328775646_137832660'
app/views/departments/index.html.erb:13:in `_app_views_departments_index_html_erb__328775646_137832660'
Started GET "/departments" for ::1 at 2019-11-01 08:41:09 +0530
Processing by DepartmentsController#index as HTML
  Rendering departments/index.html.erb within layouts/application
  [1m[36mDepartment Load (0.2ms)[0m  [1m[34mSELECT "departments".* FROM "departments"[0m
  ↳ app/views/departments/index.html.erb:13
  Rendered departments/index.html.erb within layouts/application (2.9ms)
Completed 200 OK in 94ms (Views: 90.5ms | ActiveRecord: 0.2ms)


Started GET "/" for ::1 at 2019-11-01 08:44:22 +0530
  [1m[35m (0.2ms)[0m  [1m[34mSELECT "schema_migrations"."version" FROM "schema_migrations" ORDER BY "schema_migrations"."version" ASC[0m
  ↳ C:/Ruby26-x64/lib/ruby/gems/2.6.0/gems/activerecord-5.2.3/lib/active_record/log_subscriber.rb:98
Processing by StaticPagesController#index as HTML
  Rendering static_pages/index.html.erb within layouts/application
  Rendered static_pages/index.html.erb within layouts/application (4.5ms)
Completed 200 OK in 449ms (Views: 440.9ms | ActiveRecord: 0.0ms)


Started GET "/departments" for ::1 at 2019-11-01 08:44:26 +0530
  
SyntaxError (C:/Users/Yoga/college_portal/app/controllers/departments_controller.rb:24: syntax error, unexpected end, expecting end-of-input):
  
app/controllers/departments_controller.rb:24: syntax error, unexpected end, expecting end-of-input
Started GET "/departments" for ::1 at 2019-11-01 08:44:46 +0530
Processing by DepartmentsController#index as HTML
  Rendering departments/index.html.erb within layouts/application
  [1m[36mDepartment Load (0.4ms)[0m  [1m[34mSELECT "departments".* FROM "departments"[0m
  ↳ app/views/departments/index.html.erb:13
  Rendered departments/index.html.erb within layouts/application (13.4ms)
Completed 200 OK in 113ms (Views: 92.6ms | ActiveRecord: 1.5ms)


Started GET "/departments/new" for ::1 at 2019-11-01 08:44:49 +0530
Processing by DepartmentsController#new as HTML
  Rendering departments/new.html.erb within layouts/application
  Rendered departments/new.html.erb within layouts/application (171.5ms)
Completed 200 OK in 260ms (Views: 257.2ms | ActiveRecord: 0.0ms)


Started POST "/departments" for ::1 at 2019-11-01 08:44:55 +0530
Processing by DepartmentsController#create as HTML
  Parameters: {"utf8"=>"✓", "authenticity_token"=>"7v+iduTSndxCyRUvCo+S4Mm0jGHafZbweY4xMNNF8TPJAt8jV8flIUzC5jqEm1H+uk1o3kplme+yutdV6AVNRA==", "department"=>{"name"=>"ECE"}, "commit"=>"Create Department"}
  [1m[35m (0.1ms)[0m  [1m[36mbegin transaction[0m
  ↳ app/controllers/departments_controller.rb:11
  [1m[36mDepartment Create (5.0ms)[0m  [1m[32mINSERT INTO "departments" ("name", "created_at", "updated_at") VALUES (?, ?, ?)[0m  [["name", "ECE"], ["created_at", "2019-11-01 03:14:55.444261"], ["updated_at", "2019-11-01 03:14:55.444261"]]
  ↳ app/controllers/departments_controller.rb:11
  [1m[35m (100.0ms)[0m  [1m[36mcommit transaction[0m
  ↳ app/controllers/departments_controller.rb:11
Redirected to http://localhost:3000/departments
Completed 302 Found in 117ms (ActiveRecord: 105.1ms)


Started GET "/departments" for ::1 at 2019-11-01 08:44:55 +0530
Processing by DepartmentsController#index as HTML
  Rendering departments/index.html.erb within layouts/application
  [1m[36mDepartment Load (0.2ms)[0m  [1m[34mSELECT "departments".* FROM "departments"[0m
  ↳ app/views/departments/index.html.erb:13
  Rendered departments/index.html.erb within layouts/application (2.4ms)
Completed 200 OK in 104ms (Views: 100.1ms | ActiveRecord: 0.2ms)


Started GET "/" for ::1 at 2019-11-01 08:55:52 +0530
  [1m[35m (0.4ms)[0m  [1m[34mSELECT "schema_migrations"."version" FROM "schema_migrations" ORDER BY "schema_migrations"."version" ASC[0m
  ↳ C:/Ruby26-x64/lib/ruby/gems/2.6.0/gems/activerecord-5.2.3/lib/active_record/log_subscriber.rb:98
Processing by StaticPagesController#index as HTML
  Rendering static_pages/index.html.erb within layouts/application
  Rendered static_pages/index.html.erb within layouts/application (4.6ms)
Started GET "/" for ::1 at 2019-11-01 08:55:56 +0530
Processing by StaticPagesController#index as HTML
  Rendering static_pages/index.html.erb within layouts/application
  Rendered static_pages/index.html.erb within layouts/application (0.5ms)
Completed 500 Internal Server Error in 34090ms (ActiveRecord: 0.0ms)


  
ActionView::Template::Error (undefined local variable or method `section_path' for #<#<Class:0x000000000b873538>:0x000000000b8701d0>
Did you mean?  section_index_path):
    21:         <a class="nav-link" href="<%= departments_path %>">Departments</a>
    22:       </li>
    23:       <li class="nav-item">
    24:         <a class="nav-link" href="<%= section_path %>">Sections</a>
    25:       </li>
    26:       <li class="nav-item">
    27:         <a class="nav-link" href="#">Students</a>
  
app/views/layouts/application.html.erb:24:in `_app_views_layouts_application_html_erb__56971151_96755300'
Completed 500 Internal Server Error in 32511ms (ActiveRecord: 0.0ms)


  
ActionView::Template::Error (undefined local variable or method `section_path' for #<#<Class:0x000000000b873538>:0x000000000bddbd90>
Did you mean?  section_index_path):
    21:         <a class="nav-link" href="<%= departments_path %>">Departments</a>
    22:       </li>
    23:       <li class="nav-item">
    24:         <a class="nav-link" href="<%= section_path %>">Sections</a>
    25:       </li>
    26:       <li class="nav-item">
    27:         <a class="nav-link" href="#">Students</a>
  
app/views/layouts/application.html.erb:24:in `_app_views_layouts_application_html_erb__56971151_65978920'
Started GET "/" for ::1 at 2019-11-01 08:57:30 +0530
Processing by StaticPagesController#index as HTML
  Rendering static_pages/index.html.erb within layouts/application
  Rendered static_pages/index.html.erb within layouts/application (0.4ms)
Completed 500 Internal Server Error in 455ms (ActiveRecord: 0.0ms)


  
ActionView::Template::Error (undefined local variable or method `sections_path' for #<#<Class:0x000000000b873538>:0x000000000fbc4da0>
Did you mean?  section_index_path):
    21:         <a class="nav-link" href="<%= departments_path %>">Departments</a>
    22:       </li>
    23:       <li class="nav-item">
    24:         <a class="nav-link" href="<%= sections_path %>">Sections</a>
    25:       </li>
    26:       <li class="nav-item">
    27:         <a class="nav-link" href="#">Students</a>
  
app/views/layouts/application.html.erb:24:in `_app_views_layouts_application_html_erb__56971151_132410820'
Started GET "/" for ::1 at 2019-11-01 08:58:50 +0530
Processing by StaticPagesController#index as HTML
  Rendering static_pages/index.html.erb within layouts/application
  Rendered static_pages/index.html.erb within layouts/application (0.5ms)
Completed 200 OK in 89ms (Views: 86.7ms | ActiveRecord: 0.0ms)


Started GET "/section" for ::1 at 2019-11-01 08:58:52 +0530
  
ActionController::RoutingError (uninitialized constant SectionController):
  
activesupport (5.2.3) lib/active_support/inflector/methods.rb:283:in `const_get'
activesupport (5.2.3) lib/active_support/inflector/methods.rb:283:in `block in constantize'
activesupport (5.2.3) lib/active_support/inflector/methods.rb:281:in `each'
activesupport (5.2.3) lib/active_support/inflector/methods.rb:281:in `inject'
activesupport (5.2.3) lib/active_support/inflector/methods.rb:281:in `constantize'
actionpack (5.2.3) lib/action_dispatch/http/request.rb:88:in `controller_class_for'
actionpack (5.2.3) lib/action_dispatch/http/request.rb:81:in `controller_class'
actionpack (5.2.3) lib/action_dispatch/routing/route_set.rb:46:in `controller'
actionpack (5.2.3) lib/action_dispatch/routing/route_set.rb:32:in `serve'
actionpack (5.2.3) lib/action_dispatch/journey/router.rb:52:in `block in serve'
actionpack (5.2.3) lib/action_dispatch/journey/router.rb:35:in `each'
actionpack (5.2.3) lib/action_dispatch/journey/router.rb:35:in `serve'
actionpack (5.2.3) lib/action_dispatch/routing/route_set.rb:840:in `call'
rack (2.0.7) lib/rack/tempfile_reaper.rb:15:in `call'
rack (2.0.7) lib/rack/etag.rb:25:in `call'
rack (2.0.7) lib/rack/conditional_get.rb:25:in `call'
rack (2.0.7) lib/rack/head.rb:12:in `call'
actionpack (5.2.3) lib/action_dispatch/http/content_security_policy.rb:18:in `call'
rack (2.0.7) lib/rack/session/abstract/id.rb:232:in `context'
rack (2.0.7) lib/rack/session/abstract/id.rb:226:in `call'
actionpack (5.2.3) lib/action_dispatch/middleware/cookies.rb:670:in `call'
activerecord (5.2.3) lib/active_record/migration.rb:559:in `call'
actionpack (5.2.3) lib/action_dispatch/middleware/callbacks.rb:28:in `block in call'
activesupport (5.2.3) lib/active_support/callbacks.rb:98:in `run_callbacks'
actionpack (5.2.3) lib/action_dispatch/middleware/callbacks.rb:26:in `call'
actionpack (5.2.3) lib/action_dispatch/middleware/executor.rb:14:in `call'
actionpack (5.2.3) lib/action_dispatch/middleware/debug_exceptions.rb:61:in `call'
web-console (3.7.0) lib/web_console/middleware.rb:135:in `call_app'
web-console (3.7.0) lib/web_console/middleware.rb:30:in `block in call'
web-console (3.7.0) lib/web_console/middleware.rb:20:in `catch'
web-console (3.7.0) lib/web_console/middleware.rb:20:in `call'
actionpack (5.2.3) lib/action_dispatch/middleware/show_exceptions.rb:33:in `call'
railties (5.2.3) lib/rails/rack/logger.rb:38:in `call_app'
railties (5.2.3) lib/rails/rack/logger.rb:26:in `block in call'
activesupport (5.2.3) lib/active_support/tagged_logging.rb:71:in `block in tagged'
activesupport (5.2.3) lib/active_support/tagged_logging.rb:28:in `tagged'
activesupport (5.2.3) lib/active_support/tagged_logging.rb:71:in `tagged'
railties (5.2.3) lib/rails/rack/logger.rb:26:in `call'
sprockets-rails (3.2.1) lib/sprockets/rails/quiet_assets.rb:13:in `call'
actionpack (5.2.3) lib/action_dispatch/middleware/remote_ip.rb:81:in `call'
actionpack (5.2.3) lib/action_dispatch/middleware/request_id.rb:27:in `call'
rack (2.0.7) lib/rack/method_override.rb:22:in `call'
rack (2.0.7) lib/rack/runtime.rb:22:in `call'
activesupport (5.2.3) lib/active_support/cache/strategy/local_cache_middleware.rb:29:in `call'
actionpack (5.2.3) lib/action_dispatch/middleware/executor.rb:14:in `call'
actionpack (5.2.3) lib/action_dispatch/middleware/static.rb:127:in `call'
rack (2.0.7) lib/rack/sendfile.rb:111:in `call'
railties (5.2.3) lib/rails/engine.rb:524:in `call'
puma (3.12.1) lib/puma/configuration.rb:227:in `call'
puma (3.12.1) lib/puma/server.rb:660:in `handle_request'
puma (3.12.1) lib/puma/server.rb:474:in `process_client'
puma (3.12.1) lib/puma/server.rb:334:in `block in run'
puma (3.12.1) lib/puma/thread_pool.rb:135:in `block in spawn_thread'
Started GET "/" for ::1 at 2019-11-01 08:59:59 +0530
Processing by StaticPagesController#index as HTML
  Rendering static_pages/index.html.erb within layouts/application
  Rendered static_pages/index.html.erb within layouts/application (0.4ms)
Completed 500 Internal Server Error in 432ms (ActiveRecord: 0.0ms)


  
ActionView::Template::Error (undefined local variable or method `section_path' for #<#<Class:0x000000000d020578>:0x000000000d032688>
Did you mean?  sections_path):
    21:         <a class="nav-link" href="<%= departments_path %>">Departments</a>
    22:       </li>
    23:       <li class="nav-item">
    24:         <a class="nav-link" href="<%= section_path %>">Sections</a>
    25:       </li>
    26:       <li class="nav-item">
    27:         <a class="nav-link" href="#">Students</a>
  
app/views/layouts/application.html.erb:24:in `_app_views_layouts_application_html_erb__56971151_109190560'
Started GET "/" for ::1 at 2019-11-01 09:00:15 +0530
Processing by StaticPagesController#index as HTML
  Rendering static_pages/index.html.erb within layouts/application
  Rendered static_pages/index.html.erb within layouts/application (0.4ms)
Completed 200 OK in 160ms (Views: 156.7ms | ActiveRecord: 0.0ms)


Started GET "/sections" for ::1 at 2019-11-01 09:00:17 +0530
Processing by SectionsController#index as HTML
  Rendering sections/index.html.erb within layouts/application
  [1m[36mSection Load (0.3ms)[0m  [1m[34mSELECT "sections".* FROM "sections"[0m
  ↳ app/views/sections/index.html.erb:13
  Rendered sections/index.html.erb within layouts/application (13.2ms)
Completed 200 OK in 121ms (Views: 81.9ms | ActiveRecord: 1.3ms)


Started GET "/sections" for ::1 at 2019-11-01 09:00:19 +0530
Processing by SectionsController#index as HTML
  Rendering sections/index.html.erb within layouts/application
  [1m[36mSection Load (0.2ms)[0m  [1m[34mSELECT "sections".* FROM "sections"[0m
  ↳ app/views/sections/index.html.erb:13
  Rendered sections/index.html.erb within layouts/application (9.2ms)
Completed 200 OK in 84ms (Views: 80.9ms | ActiveRecord: 0.2ms)


Started GET "/sections/new" for ::1 at 2019-11-01 09:00:22 +0530
Processing by SectionsController#new as HTML
  [1m[36mDepartment Load (0.3ms)[0m  [1m[34mSELECT "departments".* FROM "departments"[0m
  ↳ app/controllers/sections_controller.rb:11
  Rendering sections/new.html.erb within layouts/application
  Rendered sections/new.html.erb within layouts/application (123.7ms)
Completed 200 OK in 216ms (Views: 200.4ms | ActiveRecord: 1.4ms)


Started POST "/sections" for ::1 at 2019-11-01 09:00:29 +0530
Processing by SectionsController#create as HTML
  Parameters: {"utf8"=>"✓", "authenticity_token"=>"y7tMDdJ1Xh2N2SqRGr0X9hFV6vhECGmBQWxhgdDoLtMMtfPc34L5qdEsCk22ZyE6IIKKgW8FUFrdwgn3K4YiKg==", "section"=>{"name"=>"B01", "department_id"=>"2"}, "commit"=>"Create Section"}
  [1m[35m (0.1ms)[0m  [1m[36mbegin transaction[0m
  ↳ app/controllers/sections_controller.rb:16
  [1m[36mDepartment Load (0.3ms)[0m  [1m[34mSELECT  "departments".* FROM "departments" WHERE "departments"."id" = ? LIMIT ?[0m  [["id", 2], ["LIMIT", 1]]
  ↳ app/controllers/sections_controller.rb:16
  [1m[36mSection Create (1.1ms)[0m  [1m[32mINSERT INTO "sections" ("name", "created_at", "updated_at", "department_id") VALUES (?, ?, ?, ?)[0m  [["name", "B01"], ["created_at", "2019-11-01 03:30:29.162853"], ["updated_at", "2019-11-01 03:30:29.162853"], ["department_id", 2]]
  ↳ app/controllers/sections_controller.rb:16
  [1m[35m (117.4ms)[0m  [1m[36mcommit transaction[0m
  ↳ app/controllers/sections_controller.rb:16
Redirected to http://localhost:3000/sections
Completed 302 Found in 227ms (ActiveRecord: 118.9ms)


Started GET "/sections" for ::1 at 2019-11-01 09:00:29 +0530
Processing by SectionsController#index as HTML
  Rendering sections/index.html.erb within layouts/application
  [1m[36mSection Load (0.2ms)[0m  [1m[34mSELECT "sections".* FROM "sections"[0m
  ↳ app/views/sections/index.html.erb:13
  Rendered sections/index.html.erb within layouts/application (4.3ms)
Completed 200 OK in 106ms (Views: 103.0ms | ActiveRecord: 0.2ms)


Started GET "/departments" for ::1 at 2019-11-01 09:00:32 +0530
Processing by DepartmentsController#index as HTML
  Rendering departments/index.html.erb within layouts/application
  [1m[36mDepartment Load (0.2ms)[0m  [1m[34mSELECT "departments".* FROM "departments"[0m
  ↳ app/views/departments/index.html.erb:13
  Rendered departments/index.html.erb within layouts/application (5.2ms)
Completed 200 OK in 91ms (Views: 87.6ms | ActiveRecord: 0.2ms)


Started GET "/sections?department_id=1" for ::1 at 2019-11-01 09:00:34 +0530
Processing by SectionsController#index as HTML
  Parameters: {"department_id"=>"1"}
  Rendering sections/index.html.erb within layouts/application
  [1m[36mSection Load (0.6ms)[0m  [1m[34mSELECT "sections".* FROM "sections" WHERE "sections"."department_id" = ?[0m  [["department_id", 1]]
  ↳ app/views/sections/index.html.erb:13
  Rendered sections/index.html.erb within layouts/application (7.7ms)
Completed 200 OK in 80ms (Views: 76.3ms | ActiveRecord: 0.6ms)


Started GET "/departments" for ::1 at 2019-11-01 09:00:37 +0530
Processing by DepartmentsController#index as HTML
  Rendering departments/index.html.erb within layouts/application
  [1m[36mDepartment Load (0.2ms)[0m  [1m[34mSELECT "departments".* FROM "departments"[0m
  ↳ app/views/departments/index.html.erb:13
  Rendered departments/index.html.erb within layouts/application (5.5ms)
Completed 200 OK in 88ms (Views: 85.4ms | ActiveRecord: 0.2ms)


Started GET "/sections?department_id=2" for ::1 at 2019-11-01 09:00:38 +0530
Processing by SectionsController#index as HTML
  Parameters: {"department_id"=>"2"}
  Rendering sections/index.html.erb within layouts/application
  [1m[36mSection Load (0.3ms)[0m  [1m[34mSELECT "sections".* FROM "sections" WHERE "sections"."department_id" = ?[0m  [["department_id", 2]]
  ↳ app/views/sections/index.html.erb:13
  Rendered sections/index.html.erb within layouts/application (3.3ms)
Completed 200 OK in 84ms (Views: 80.3ms | ActiveRecord: 0.3ms)


Started GET "/sections?department_id=2" for ::1 at 2019-11-01 09:00:40 +0530
Processing by SectionsController#index as HTML
  Parameters: {"department_id"=>"2"}
  Rendering sections/index.html.erb within layouts/application
  [1m[36mSection Load (0.2ms)[0m  [1m[34mSELECT "sections".* FROM "sections" WHERE "sections"."department_id" = ?[0m  [["department_id", 2]]
  ↳ app/views/sections/index.html.erb:13
  Rendered sections/index.html.erb within layouts/application (6.4ms)
Completed 200 OK in 93ms (Views: 89.6ms | ActiveRecord: 0.2ms)


Started GET "/" for ::1 at 2019-11-01 09:26:17 +0530
  [1m[35m (0.2ms)[0m  [1m[34mSELECT "schema_migrations"."version" FROM "schema_migrations" ORDER BY "schema_migrations"."version" ASC[0m
  ↳ C:/Ruby26-x64/lib/ruby/gems/2.6.0/gems/activerecord-5.2.3/lib/active_record/log_subscriber.rb:98
Processing by StaticPagesController#index as HTML
  Rendering static_pages/index.html.erb within layouts/application
  Rendered static_pages/index.html.erb within layouts/application (3.0ms)
Started GET "/" for ::1 at 2019-11-01 09:26:21 +0530
Processing by StaticPagesController#index as HTML
  Rendering static_pages/index.html.erb within layouts/application
  Rendered static_pages/index.html.erb within layouts/application (0.4ms)
Completed 200 OK in 33102ms (Views: 33095.6ms | ActiveRecord: 0.0ms)


Completed 200 OK in 30775ms (Views: 30771.4ms | ActiveRecord: 0.0ms)


Started GET "/students" for ::1 at 2019-11-01 09:26:55 +0530
  
SyntaxError (C:/Users/Yoga/college_portal/app/controllers/students_controller.rb:14: syntax error, unexpected ',', expecting '}'
...tion.all.collect{ |p| [p.name],[p.id]}
...                              ^
C:/Users/Yoga/college_portal/app/controllers/students_controller.rb:14: syntax error, unexpected '}', expecting end
...l.collect{ |p| [p.name],[p.id]}
...                              ^):
  
app/controllers/students_controller.rb:14: syntax error, unexpected ',', expecting '}'
app/controllers/students_controller.rb:14: syntax error, unexpected '}', expecting end
Started GET "/students" for ::1 at 2019-11-01 09:27:33 +0530
  
SyntaxError (C:/Users/Yoga/college_portal/app/controllers/students_controller.rb:32: syntax error, unexpected end, expecting end-of-input):
  
app/controllers/students_controller.rb:32: syntax error, unexpected end, expecting end-of-input
Started GET "/students" for ::1 at 2019-11-01 09:27:44 +0530
Processing by StudentsController#index as HTML
  Rendering students/index.html.erb within layouts/application
  [1m[36mStudent Load (0.5ms)[0m  [1m[34mSELECT "students".* FROM "students"[0m
  ↳ app/views/students/index.html.erb:13
  Rendered students/index.html.erb within layouts/application (17.7ms)
Completed 200 OK in 144ms (Views: 122.0ms | ActiveRecord: 1.8ms)


Started GET "/sections" for ::1 at 2019-11-01 09:28:37 +0530
Processing by SectionsController#index as HTML
  Rendering sections/index.html.erb within layouts/application
  [1m[36mSection Load (0.4ms)[0m  [1m[34mSELECT "sections".* FROM "sections"[0m
  ↳ app/views/sections/index.html.erb:13
  Rendered sections/index.html.erb within layouts/application (12.7ms)
Completed 200 OK in 99ms (Views: 82.6ms | ActiveRecord: 1.4ms)


Started GET "/students" for ::1 at 2019-11-01 09:28:40 +0530
Processing by StudentsController#index as HTML
  Rendering students/index.html.erb within layouts/application
  [1m[36mStudent Load (0.2ms)[0m  [1m[34mSELECT "students".* FROM "students"[0m
  ↳ app/views/students/index.html.erb:13
  Rendered students/index.html.erb within layouts/application (2.9ms)
Completed 200 OK in 84ms (Views: 80.3ms | ActiveRecord: 0.2ms)


Started GET "/students/new" for ::1 at 2019-11-01 09:28:42 +0530
Processing by StudentsController#new as HTML
  [1m[36mDepartment Load (0.3ms)[0m  [1m[34mSELECT "departments".* FROM "departments"[0m
  ↳ app/controllers/students_controller.rb:13
  [1m[36mSection Load (0.5ms)[0m  [1m[34mSELECT "sections".* FROM "sections"[0m
  ↳ app/controllers/students_controller.rb:14
  Rendering students/new.html.erb within layouts/application
  Rendered students/new.html.erb within layouts/application (28.5ms)
Completed 200 OK in 131ms (Views: 105.3ms | ActiveRecord: 2.0ms)


Started POST "/students" for ::1 at 2019-11-01 09:29:01 +0530
Processing by StudentsController#create as HTML
  Parameters: {"utf8"=>"✓", "authenticity_token"=>"PlwBLpI8PALqAEBPxKI0Y9QIDZ9QEMyOYsMliv8MO/v39M4z67ECTpQwFlTF457fOIqHaAM8zQ3nFzBI1hrkPA==", "student"=>{"name"=>"Gokul", "department_id"=>"1", "section_id"=>"2"}, "commit"=>"Create Student"}
Completed 500 Internal Server Error in 1ms (ActiveRecord: 0.0ms)


  
ActiveModel::UnknownAttributeError (unknown attribute 'section_id' for Section.):
  
app/controllers/students_controller.rb:18:in `create'
Started GET "/students" for ::1 at 2019-11-01 09:29:39 +0530
Processing by StudentsController#index as HTML
  Rendering students/index.html.erb within layouts/application
  [1m[36mStudent Load (0.3ms)[0m  [1m[34mSELECT "students".* FROM "students"[0m
  ↳ app/views/students/index.html.erb:13
  Rendered students/index.html.erb within layouts/application (12.5ms)
Completed 200 OK in 112ms (Views: 100.2ms | ActiveRecord: 1.4ms)


Started GET "/students/new" for ::1 at 2019-11-01 09:29:42 +0530
Processing by StudentsController#new as HTML
  [1m[36mDepartment Load (0.3ms)[0m  [1m[34mSELECT "departments".* FROM "departments"[0m
  ↳ app/controllers/students_controller.rb:13
  [1m[36mSection Load (0.3ms)[0m  [1m[34mSELECT "sections".* FROM "sections"[0m
  ↳ app/controllers/students_controller.rb:14
  Rendering students/new.html.erb within layouts/application
  Rendered students/new.html.erb within layouts/application (2.7ms)
Completed 200 OK in 137ms (Views: 107.3ms | ActiveRecord: 3.6ms)


Started POST "/students" for ::1 at 2019-11-01 09:29:49 +0530
Processing by StudentsController#create as HTML
  Parameters: {"utf8"=>"✓", "authenticity_token"=>"PwDPmUzET9bm2J8/ba7tF6jZeYR80HOPdfOIQWoAuSr2qACENUlxmpjoySRs70erRFvzcy/8cgzwJ52DQxZm7Q==", "student"=>{"name"=>"Gokul", "department_id"=>"1", "section_id"=>"1"}, "commit"=>"Create Student"}
Completed 500 Internal Server Error in 1ms (ActiveRecord: 0.0ms)


  
ActiveModel::UnknownAttributeError (unknown attribute 'section_id' for Section.):
  
app/controllers/students_controller.rb:18:in `create'
Started POST "/students" for ::1 at 2019-11-01 09:30:19 +0530
Processing by StudentsController#create as HTML
  Parameters: {"utf8"=>"✓", "authenticity_token"=>"d49c4S+D5mFo4mweRJFW4gMepLZFLAmRzbXspAMzUPbuk52GkaOJjF/aRq8SfpplKsUBerK9rB9XNa5DZBrRHg==", "student"=>{"name"=>"Gokul", "department_id"=>"1", "section_id"=>"2"}, "commit"=>"Create Student"}
Completed 500 Internal Server Error in 2ms (ActiveRecord: 0.0ms)


  
ActiveModel::UnknownAttributeError (unknown attribute 'section_id' for Section.):
  
app/controllers/students_controller.rb:18:in `create'
Started GET "/students" for ::1 at 2019-11-01 09:31:39 +0530
Processing by StudentsController#index as HTML
  Rendering students/index.html.erb within layouts/application
  [1m[36mStudent Load (0.3ms)[0m  [1m[34mSELECT "students".* FROM "students"[0m
  ↳ app/views/students/index.html.erb:13
  Rendered students/index.html.erb within layouts/application (13.2ms)
Completed 200 OK in 143ms (Views: 131.7ms | ActiveRecord: 1.8ms)


Started GET "/students/new" for ::1 at 2019-11-01 09:31:42 +0530
Processing by StudentsController#new as HTML
  [1m[36mDepartment Load (0.3ms)[0m  [1m[34mSELECT "departments".* FROM "departments"[0m
  ↳ app/controllers/students_controller.rb:13
  [1m[36mSection Load (0.3ms)[0m  [1m[34mSELECT "sections".* FROM "sections"[0m
  ↳ app/controllers/students_controller.rb:14
  Rendering students/new.html.erb within layouts/application
  Rendered students/new.html.erb within layouts/application (2.4ms)
Completed 200 OK in 113ms (Views: 82.5ms | ActiveRecord: 3.1ms)


Started POST "/students" for ::1 at 2019-11-01 09:31:52 +0530
Processing by StudentsController#create as HTML
  Parameters: {"utf8"=>"✓", "authenticity_token"=>"6oJwl6Lk+NUgYMEu0sS1vfQzmgX3V7Ks9s2QhMZxMoIjKr+K22nGmV5QlzXThR8BGLEQ8qR7sy9zGYVG72ftRQ==", "student"=>{"name"=>"Gokul", "department_id"=>"1", "section_id"=>"1"}, "commit"=>"Create Student"}
Completed 500 Internal Server Error in 1ms (ActiveRecord: 0.0ms)


  
ActiveModel::UnknownAttributeError (unknown attribute 'section_id' for Section.):
  
app/controllers/students_controller.rb:18:in `create'
Started GET "/students" for ::1 at 2019-11-01 09:32:11 +0530
Processing by StudentsController#index as HTML
  Rendering students/index.html.erb within layouts/application
  [1m[36mStudent Load (0.3ms)[0m  [1m[34mSELECT "students".* FROM "students"[0m
  ↳ app/views/students/index.html.erb:13
  Rendered students/index.html.erb within layouts/application (15.5ms)
Completed 200 OK in 124ms (Views: 114.2ms | ActiveRecord: 1.6ms)


Started GET "/students/new" for ::1 at 2019-11-01 09:32:13 +0530
Processing by StudentsController#new as HTML
  [1m[36mDepartment Load (0.4ms)[0m  [1m[34mSELECT "departments".* FROM "departments"[0m
  ↳ app/controllers/students_controller.rb:13
  [1m[36mSection Load (0.2ms)[0m  [1m[34mSELECT "sections".* FROM "sections"[0m
  ↳ app/controllers/students_controller.rb:14
  Rendering students/new.html.erb within layouts/application
  Rendered students/new.html.erb within layouts/application (3.0ms)
Completed 200 OK in 100ms (Views: 74.3ms | ActiveRecord: 2.6ms)


Started POST "/students" for ::1 at 2019-11-01 09:32:22 +0530
Processing by StudentsController#create as HTML
  Parameters: {"utf8"=>"✓", "authenticity_token"=>"rVVj8tw0xdb6SmW1g/10RSfUC+Ey7wMBTj7y3Pf/vJFk/azvpbn7moR6M66CvN75y1aBFmHDAoLL6uce3uljVg==", "student"=>{"name"=>"Gokul", "department_id"=>"1", "section_id"=>"1"}, "commit"=>"Create Student"}
  [1m[35m (0.1ms)[0m  [1m[36mbegin transaction[0m
  ↳ app/controllers/students_controller.rb:19
  [1m[36mDepartment Load (0.4ms)[0m  [1m[34mSELECT  "departments".* FROM "departments" WHERE "departments"."id" = ? LIMIT ?[0m  [["id", 1], ["LIMIT", 1]]
  ↳ app/controllers/students_controller.rb:19
  [1m[36mSection Load (0.3ms)[0m  [1m[34mSELECT  "sections".* FROM "sections" WHERE "sections"."id" = ? LIMIT ?[0m  [["id", 1], ["LIMIT", 1]]
  ↳ app/controllers/students_controller.rb:19
  [1m[36mStudent Create (1.4ms)[0m  [1m[32mINSERT INTO "students" ("name", "created_at", "updated_at", "department_id", "section_id") VALUES (?, ?, ?, ?, ?)[0m  [["name", "Gokul"], ["created_at", "2019-11-01 04:02:22.186827"], ["updated_at", "2019-11-01 04:02:22.186827"], ["department_id", 1], ["section_id", 1]]
  ↳ app/controllers/students_controller.rb:19
  [1m[35m (103.9ms)[0m  [1m[36mcommit transaction[0m
  ↳ app/controllers/students_controller.rb:19
Redirected to http://localhost:3000/students
Completed 302 Found in 171ms (ActiveRecord: 106.1ms)


Started GET "/students" for ::1 at 2019-11-01 09:32:22 +0530
Processing by StudentsController#index as HTML
  Rendering students/index.html.erb within layouts/application
  [1m[36mStudent Load (0.4ms)[0m  [1m[34mSELECT "students".* FROM "students"[0m
  ↳ app/views/students/index.html.erb:13
  Rendered students/index.html.erb within layouts/application (3.0ms)
Completed 200 OK in 111ms (Views: 107.6ms | ActiveRecord: 0.4ms)


Started GET "/sections" for ::1 at 2019-11-01 09:32:26 +0530
Processing by SectionsController#index as HTML
  Rendering sections/index.html.erb within layouts/application
  [1m[36mSection Load (0.6ms)[0m  [1m[34mSELECT "sections".* FROM "sections"[0m
  ↳ app/views/sections/index.html.erb:13
  Rendered sections/index.html.erb within layouts/application (5.2ms)
Completed 200 OK in 99ms (Views: 95.2ms | ActiveRecord: 0.6ms)


Started GET "/students?section_id=1" for ::1 at 2019-11-01 09:32:28 +0530
Processing by StudentsController#index as HTML
  Parameters: {"section_id"=>"1"}
  Rendering students/index.html.erb within layouts/application
  [1m[36mStudent Load (0.3ms)[0m  [1m[34mSELECT "students".* FROM "students" WHERE "students"."section_id" = ?[0m  [["section_id", 1]]
  ↳ app/views/students/index.html.erb:13
  Rendered students/index.html.erb within layouts/application (3.2ms)
Completed 200 OK in 82ms (Views: 78.9ms | ActiveRecord: 0.3ms)


Started GET "/" for ::1 at 2019-11-01 09:36:33 +0530
Processing by StaticPagesController#index as HTML
  Rendering static_pages/index.html.erb within layouts/application
  Rendered static_pages/index.html.erb within layouts/application (0.5ms)
Completed 200 OK in 114ms (Views: 111.3ms | ActiveRecord: 0.0ms)


Started GET "/students" for ::1 at 2019-11-01 09:36:37 +0530
Processing by StudentsController#index as HTML
  Rendering students/index.html.erb within layouts/application
  [1m[36mStudent Load (0.4ms)[0m  [1m[34mSELECT "students".* FROM "students"[0m
  ↳ app/views/students/index.html.erb:13
  Rendered students/index.html.erb within layouts/application (271.1ms)
Completed 500 Internal Server Error in 284ms (ActiveRecord: 1.5ms)


  
ActionView::Template::Error (undefined local variable or method `show_student_path' for #<#<Class:0x000000000df4f1c0>:0x000000000df4d848>
Did you mean?  new_student_path):
    11: 
    12: <ul class="list-group">
    13:   <% @students.each do |section| %>
    14:     <li class="list-group-item"><a href="<%= show_student_path %>"><%= section.name %></a></li>
    15:   <% end %>
    16: </ul>
  
app/views/students/index.html.erb:14:in `block in _app_views_students_index_html_erb__299321051_117079220'
app/views/students/index.html.erb:13:in `_app_views_students_index_html_erb__299321051_117079220'
Started GET "/students" for ::1 at 2019-11-01 09:36:52 +0530
Processing by StudentsController#index as HTML
  Rendering students/index.html.erb within layouts/application
  [1m[36mStudent Load (0.8ms)[0m  [1m[34mSELECT "students".* FROM "students"[0m
  ↳ app/views/students/index.html.erb:13
  Rendered students/index.html.erb within layouts/application (403.1ms)
Completed 500 Internal Server Error in 415ms (ActiveRecord: 2.2ms)


  
ActionView::Template::Error (undefined local variable or method `show_student_path' for #<#<Class:0x000000000ce2bdf8>:0x000000000ce9feb0>
Did you mean?  new_student_path
               student_path):
    11: 
    12: <ul class="list-group">
    13:   <% @students.each do |section| %>
    14:     <li class="list-group-item"><a href="<%= show_student_path %>"><%= section.name %></a></li>
    15:   <% end %>
    16: </ul>
  
app/views/students/index.html.erb:14:in `block in _app_views_students_index_html_erb__299321051_108054740'
app/views/students/index.html.erb:13:in `_app_views_students_index_html_erb__299321051_108054740'
Started GET "/students" for ::1 at 2019-11-01 09:37:40 +0530
Processing by StudentsController#index as HTML
  Rendering students/index.html.erb within layouts/application
  [1m[36mStudent Load (0.3ms)[0m  [1m[34mSELECT "students".* FROM "students"[0m
  ↳ app/views/students/index.html.erb:13
  Rendered students/index.html.erb within layouts/application (311.3ms)
Completed 500 Internal Server Error in 322ms (ActiveRecord: 0.3ms)


  
ActionView::Template::Error (undefined local variable or method `student' for #<#<Class:0x000000000ce2bdf8>:0x000000000e749dd0>
Did you mean?  @students):
    11: 
    12: <ul class="list-group">
    13:   <% @students.each do |section| %>
    14:     <li class="list-group-item"><a href="<%= student_path(student.id) %>"><%= section.name %></a></li>
    15:   <% end %>
    16: </ul>
  
app/views/students/index.html.erb:14:in `block in _app_views_students_index_html_erb__299321051_121262900'
app/views/students/index.html.erb:13:in `_app_views_students_index_html_erb__299321051_121262900'
Started GET "/students" for ::1 at 2019-11-01 09:38:23 +0530
Processing by StudentsController#index as HTML
  Rendering students/index.html.erb within layouts/application
  [1m[36mStudent Load (0.4ms)[0m  [1m[34mSELECT "students".* FROM "students"[0m
  ↳ app/views/students/index.html.erb:13
  Rendered students/index.html.erb within layouts/application (5.5ms)
Completed 200 OK in 149ms (Views: 144.9ms | ActiveRecord: 0.4ms)


Started GET "/students/1" for ::1 at 2019-11-01 09:38:25 +0530
Processing by StudentsController#show as HTML
  Parameters: {"id"=>"1"}
  [1m[36mStudent Load (0.3ms)[0m  [1m[34mSELECT  "students".* FROM "students" WHERE "students"."id" = ? LIMIT ?[0m  [["id", 1], ["LIMIT", 1]]
  ↳ app/controllers/students_controller.rb:17
  Rendering students/show.html.erb within layouts/application
  [1m[36mDepartment Load (0.3ms)[0m  [1m[34mSELECT  "departments".* FROM "departments" WHERE "departments"."id" = ? LIMIT ?[0m  [["id", 1], ["LIMIT", 1]]
  ↳ app/views/students/show.html.erb:4
  [1m[36mSection Load (0.9ms)[0m  [1m[34mSELECT  "sections".* FROM "sections" WHERE "sections"."id" = ? LIMIT ?[0m  [["id", 1], ["LIMIT", 1]]
  ↳ app/views/students/show.html.erb:8
  Rendered students/show.html.erb within layouts/application (30.2ms)
Completed 200 OK in 116ms (Views: 105.0ms | ActiveRecord: 3.4ms)


